{
  "Cucumber Features": {
    "coverage": {
      "/home/gerson/Documentos/S1/ASD/Exam/Exam/app/models/property.rb": [
        1,
        1,
        null
      ],
      "/home/gerson/Documentos/S1/ASD/Exam/Exam/app/models/reservation.rb": [
        1,
        1,
        null,
        null
      ],
      "/home/gerson/Documentos/S1/ASD/Exam/Exam/app/controllers/properties_controller.rb": [
        1,
        null,
        1,
        0,
        null,
        null,
        1,
        14,
        null,
        null,
        1,
        14,
        null,
        14,
        null,
        null,
        null,
        0,
        null,
        0,
        null,
        0,
        null,
        0,
        null,
        0,
        0,
        null,
        null,
        null,
        0,
        null,
        null,
        null,
        null,
        null,
        null,
        14,
        null,
        null
      ],
      "/home/gerson/Documentos/S1/ASD/Exam/Exam/app/controllers/application_controller.rb": [
        1,
        1,
        null
      ],
      "/home/gerson/Documentos/S1/ASD/Exam/Exam/app/helpers/application_helper.rb": [
        1,
        null
      ],
      "/home/gerson/Documentos/S1/ASD/Exam/Exam/app/jobs/application_job.rb": [
        0,
        0
      ],
      "/home/gerson/Documentos/S1/ASD/Exam/Exam/app/channels/application_cable/connection.rb": [
        0,
        0,
        0,
        0
      ],
      "/home/gerson/Documentos/S1/ASD/Exam/Exam/app/channels/application_cable/channel.rb": [
        0,
        0,
        0,
        0
      ],
      "/home/gerson/Documentos/S1/ASD/Exam/Exam/app/mailers/application_mailer.rb": [
        0,
        0,
        0,
        0
      ],
      "/home/gerson/Documentos/S1/ASD/Exam/Exam/app/models/application_record.rb": [
        0,
        0,
        0
      ]
    },
    "timestamp": 1484049184
  },
  "RSpec": {
    "coverage": {
      "/home/gerson/Documentos/S1/ASD/Exam/Exam/app/controllers/properties_controller.rb": [
        1,
        null,
        1,
        0,
        null,
        null,
        1,
        0,
        null,
        null,
        1,
        9,
        null,
        9,
        null,
        null,
        null,
        5,
        null,
        5,
        null,
        5,
        null,
        5,
        null,
        5,
        7,
        null,
        null,
        null,
        1,
        null,
        null,
        null,
        null,
        null,
        null,
        9,
        null,
        null
      ],
      "/home/gerson/Documentos/S1/ASD/Exam/Exam/app/controllers/application_controller.rb": [
        1,
        1,
        null
      ],
      "/home/gerson/Documentos/S1/ASD/Exam/Exam/app/helpers/application_helper.rb": [
        1,
        null
      ],
      "/home/gerson/Documentos/S1/ASD/Exam/Exam/app/models/property.rb": [
        1,
        1,
        null
      ],
      "/home/gerson/Documentos/S1/ASD/Exam/Exam/app/models/reservation.rb": [
        1,
        1,
        null,
        null
      ],
      "/home/gerson/Documentos/S1/ASD/Exam/Exam/app/jobs/application_job.rb": [
        0,
        0
      ],
      "/home/gerson/Documentos/S1/ASD/Exam/Exam/app/channels/application_cable/connection.rb": [
        0,
        0,
        0,
        0
      ],
      "/home/gerson/Documentos/S1/ASD/Exam/Exam/app/channels/application_cable/channel.rb": [
        0,
        0,
        0,
        0
      ],
      "/home/gerson/Documentos/S1/ASD/Exam/Exam/app/mailers/application_mailer.rb": [
        0,
        0,
        0,
        0
      ],
      "/home/gerson/Documentos/S1/ASD/Exam/Exam/app/models/application_record.rb": [
        0,
        0,
        0
      ]
    },
    "timestamp": 1484046451
  }
}
